<?xml version="1.0" encoding="UTF-8"?>
<!-- Generated by org.testng.reporters.JUnitXMLReporter -->
<testsuite ignored="0" hostname="RABIUL" failures="1" tests="1" name="Test" time="21.507" errors="0" timestamp="2024-04-16T14:54:12 IST">
  <testcase classname="rabiulMobileAutomation.appiumBasic" name="appiumTest" time="0.018">
    <failure type="java.lang.NullPointerException" message="Cannot invoke &amp;quot;io.appium.java_client.android.AndroidDriver.findElement(org.openqa.selenium.By)&amp;quot; because &amp;quot;this.driver&amp;quot; is null">
      <![CDATA[java.lang.NullPointerException: Cannot invoke "io.appium.java_client.android.AndroidDriver.findElement(org.openqa.selenium.By)" because "this.driver" is null
at rabiulMobileAutomation.appiumBasic.appiumTest(appiumBasic.java:40)
at java.base/java.util.ArrayList.forEach(ArrayList.java:1511)
... Removed 27 stack frames]]>
    </failure>
  </testcase> <!-- appiumTest -->
</testsuite> <!-- Test -->
