<?xml version="1.0" encoding="UTF-8"?>
<testng-results ignored="0" total="1" passed="1" failed="0" skipped="0">
  <reporter-output>
  </reporter-output>
  <suite started-at="2024-04-16T14:55:34 IST" name="Default suite" finished-at="2024-04-16T14:56:03 IST" duration-ms="28750">
    <groups>
    </groups>
    <test started-at="2024-04-16T14:55:34 IST" name="Default test" finished-at="2024-04-16T14:56:03 IST" duration-ms="28750">
      <class name="rabiulMobileAutomation.appiumBasic">
        <test-method is-config="true" signature="lunchURL()[pri:0, instance:rabiulMobileAutomation.appiumBasic@59505b48]" started-at="2024-04-16T14:55:34 IST" name="lunchURL" finished-at="2024-04-16T14:55:55 IST" duration-ms="20699" status="PASS">
          <reporter-output>
          </reporter-output>
        </test-method> <!-- lunchURL -->
        <test-method signature="appiumTest()[pri:0, instance:rabiulMobileAutomation.appiumBasic@59505b48]" started-at="2024-04-16T14:55:55 IST" name="appiumTest" finished-at="2024-04-16T14:56:02 IST" duration-ms="7093" status="PASS">
          <reporter-output>
          </reporter-output>
        </test-method> <!-- appiumTest -->
        <test-method is-config="true" signature="Teardown()[pri:0, instance:rabiulMobileAutomation.appiumBasic@59505b48]" started-at="2024-04-16T14:56:02 IST" name="Teardown" finished-at="2024-04-16T14:56:03 IST" duration-ms="915" status="PASS">
          <reporter-output>
          </reporter-output>
        </test-method> <!-- Teardown -->
      </class> <!-- rabiulMobileAutomation.appiumBasic -->
    </test> <!-- Default test -->
  </suite> <!-- Default suite -->
</testng-results>
